2020-06-23 00:19:12,067 - INFO - Starting MindsDB Mysql proxy server on tcp://127.0.0.1:3306
2020-06-23 00:36:59,186 - INFO - Starting MindsDB Mysql proxy server on tcp://127.0.0.1:47335
2020-06-23 00:36:59,186 - INFO - Waiting for incoming connections...
2020-06-23 00:38:52,171 - INFO - Starting MindsDB Mysql proxy server on tcp://127.0.0.1:47335
2020-06-23 00:38:52,171 - INFO - Waiting for incoming connections...
2020-06-23 00:39:00,160 - INFO - Starting MindsDB Mysql proxy server on tcp://127.0.0.1:47335
2020-06-23 00:39:00,160 - INFO - Waiting for incoming connections...
2020-06-23 00:40:36,195 - INFO - Starting MindsDB Mysql proxy server on tcp://127.0.0.1:47335
2020-06-23 00:40:36,196 - INFO - Waiting for incoming connections...
2020-06-23 01:04:00,289 - INFO - Starting MindsDB Mysql proxy server on tcp://127.0.0.1:47335
2020-06-23 01:04:00,289 - INFO - Waiting for incoming connections...
2020-06-23 01:07:00,267 - INFO - Starting MindsDB Mysql proxy server on tcp://127.0.0.1:47335
2020-06-23 01:07:00,268 - INFO - Waiting for incoming connections...
2020-06-23 01:13:48,192 - INFO - Starting MindsDB Mysql proxy server on tcp://127.0.0.1:47335
2020-06-23 01:13:48,192 - INFO - Waiting for incoming connections...
2020-06-23 01:15:12,509 - INFO - Starting MindsDB Mysql proxy server on tcp://127.0.0.1:47335
2020-06-23 01:15:12,509 - INFO - Waiting for incoming connections...
2020-06-23 01:15:40,178 - INFO - Starting MindsDB Mysql proxy server on tcp://127.0.0.1:47335
2020-06-23 01:15:40,179 - INFO - Waiting for incoming connections...
2020-06-23 01:55:40,662 - INFO - Starting MindsDB Mysql proxy server on tcp://127.0.0.1:47335
2020-06-23 01:55:40,663 - INFO - Waiting for incoming connections...
2020-06-23 02:02:58,042 - INFO - Starting MindsDB Mysql proxy server on tcp://127.0.0.1:47335
2020-06-23 02:02:58,042 - INFO - Waiting for incoming connections...
2020-06-23 02:05:39,377 - INFO - Starting MindsDB Mysql proxy server on tcp://127.0.0.1:47335
2020-06-23 02:05:39,377 - INFO - Waiting for incoming connections...
2020-06-23 02:05:56,610 - INFO - handle new incoming connection
2020-06-23 02:05:56,610 - INFO - New connection [127.0.0.1:38528]
2020-06-23 02:05:56,610 - INFO - send HandshakePacket
2020-06-23 02:05:56,610 - INFO - Sending packet: HandshakePacket
2020-06-23 02:05:56,610 - INFO - Get packet: HandshakeResponsePacket
2020-06-23 02:05:56,610 - INFO - Got packet
2020-06-23 02:05:56,610 - INFO - b'\r\xa2:\x80\x00\x00\x00\x01-\x00\x00\x00\x00\x00\x00\x00\x00\x00\x00\x00\x00\x00\x00\x00\x00\x00\x00\x00\x00\x00\x00\x00mindsdb\x00\x00mindsdb\x00mysql_native_password\x00v\x03_os\x10debian-linux-gnu\x0c_client_name\x08libmysql\x04_pid\x0516624\x0f_client_version\x0710.3.22\x0c_server_host\t127.0.0.1\t_platform\x06x86_64'
2020-06-23 02:05:56,610 - INFO - connected without SSL, default method
2020-06-23 02:05:56,611 - INFO - check auth, user=mindsdb
2020-06-23 02:05:56,611 - WARNING - check auth: password mismatch
2020-06-23 02:05:56,611 - INFO - Sending packet: ErrPacket
2020-06-23 02:05:56,611 - WARNING - AUTH FAIL
2020-06-23 02:08:42,406 - INFO - Starting MindsDB Mysql proxy server on tcp://127.0.0.1:47335
2020-06-23 02:08:42,406 - INFO - Waiting for incoming connections...
2020-06-23 02:08:45,395 - INFO - handle new incoming connection
2020-06-23 02:08:45,396 - INFO - New connection [127.0.0.1:38776]
2020-06-23 02:08:45,396 - INFO - send HandshakePacket
2020-06-23 02:08:45,396 - INFO - Sending packet: HandshakePacket
2020-06-23 02:08:45,396 - INFO - Get packet: HandshakeResponsePacket
2020-06-23 02:08:45,396 - INFO - Got packet
2020-06-23 02:08:45,396 - INFO - b'\r\xa2:\x80\x00\x00\x00\x01-\x00\x00\x00\x00\x00\x00\x00\x00\x00\x00\x00\x00\x00\x00\x00\x00\x00\x00\x00\x00\x00\x00\x00mindsdb\x00\x00mindsdb\x00mysql_native_password\x00v\x03_os\x10debian-linux-gnu\x0c_client_name\x08libmysql\x04_pid\x0516624\x0f_client_version\x0710.3.22\x0c_server_host\t127.0.0.1\t_platform\x06x86_64'
2020-06-23 02:08:45,396 - INFO - connected without SSL, default method
2020-06-23 02:08:45,396 - INFO - check auth, user=mindsdb
2020-06-23 02:08:45,396 - WARNING - check auth: password mismatch
2020-06-23 02:08:45,397 - INFO - Sending packet: ErrPacket
2020-06-23 02:08:45,397 - WARNING - AUTH FAIL
2020-06-23 02:11:41,839 - INFO - Starting MindsDB Mysql proxy server on tcp://127.0.0.1:47335
2020-06-23 02:11:41,839 - INFO - Waiting for incoming connections...
2020-06-23 02:11:47,276 - INFO - handle new incoming connection
2020-06-23 02:11:47,276 - INFO - New connection [127.0.0.1:39018]
2020-06-23 02:11:47,276 - INFO - send HandshakePacket
2020-06-23 02:11:47,276 - INFO - Sending packet: HandshakePacket
2020-06-23 02:11:47,276 - INFO - Get packet: HandshakeResponsePacket
2020-06-23 02:11:47,276 - INFO - Got packet
2020-06-23 02:11:47,276 - INFO - b'\r\xa2:\x80\x00\x00\x00\x01-\x00\x00\x00\x00\x00\x00\x00\x00\x00\x00\x00\x00\x00\x00\x00\x00\x00\x00\x00\x00\x00\x00\x00mindsdb\x00\x00mindsdb\x00mysql_native_password\x00v\x03_os\x10debian-linux-gnu\x0c_client_name\x08libmysql\x04_pid\x0516624\x0f_client_version\x0710.3.22\x0c_server_host\t127.0.0.1\t_platform\x06x86_64'
2020-06-23 02:11:47,277 - INFO - connected without SSL, default method
2020-06-23 02:11:47,277 - INFO - check auth, user=mindsdb
2020-06-23 02:11:47,277 - WARNING - check auth: password mismatch
2020-06-23 02:11:47,277 - INFO - Sending packet: OkPacket
2020-06-23 02:13:13,717 - INFO - Starting MindsDB Mysql proxy server on tcp://127.0.0.1:47335
2020-06-23 02:13:13,718 - INFO - Waiting for incoming connections...
2020-06-23 02:13:15,705 - INFO - handle new incoming connection
2020-06-23 02:13:15,705 - INFO - New connection [127.0.0.1:39164]
2020-06-23 02:13:15,705 - INFO - send HandshakePacket
2020-06-23 02:13:15,705 - INFO - Sending packet: HandshakePacket
2020-06-23 02:13:15,705 - INFO - Get packet: HandshakeResponsePacket
2020-06-23 02:13:15,705 - INFO - Got packet
2020-06-23 02:13:15,705 - INFO - b'\r\xa2:\x80\x00\x00\x00\x01-\x00\x00\x00\x00\x00\x00\x00\x00\x00\x00\x00\x00\x00\x00\x00\x00\x00\x00\x00\x00\x00\x00\x00mindsdb\x00\x00mindsdb\x00mysql_native_password\x00v\x03_os\x10debian-linux-gnu\x0c_client_name\x08libmysql\x04_pid\x0516624\x0f_client_version\x0710.3.22\x0c_server_host\t127.0.0.1\t_platform\x06x86_64'
2020-06-23 02:13:15,706 - INFO - connected without SSL, default method
2020-06-23 02:13:15,706 - INFO - check auth, user=mindsdb
2020-06-23 02:13:15,706 - WARNING - check auth: password mismatch
2020-06-23 02:13:15,706 - INFO - Sending packet: OkPacket
2020-06-23 02:13:15,706 - INFO - Get packet: CommandPacket
2020-06-23 02:13:15,706 - INFO - Got packet
2020-06-23 02:13:15,706 - INFO - b'\x03ALTER TABLE `predictors_mariadb` DISABLE KEYS'
2020-06-23 02:13:15,706 - INFO - Command TYPE: COM_QUERY
2020-06-23 02:13:15,706 - INFO - COM_QUERY: ALTER TABLE `predictors_mariadb` DISABLE KEYS
2020-06-23 02:13:15,706 - ERROR - ERROR while executing query: ALTER TABLE `predictors_mariadb` DISABLE KEYS
Traceback (most recent call last):
  File "/home/george/mindsdb_server/mindsdb_server/api/mysql/mysql_proxy/mysql_proxy.py", line 789, in handle
    self.queryAnswer(sql)
  File "/home/george/mindsdb_server/mindsdb_server/api/mysql/mysql_proxy/mysql_proxy.py", line 377, in queryAnswer
    db = sql_lower.split('from ')[1].split(' ')[0].split['_'][-1]
IndexError: list index out of range

list index out of range
2020-06-23 02:13:15,707 - INFO - Sending packet: ErrPacket
2020-06-23 02:13:15,707 - INFO - Get packet: CommandPacket
2020-06-23 02:13:15,707 - INFO - Got packet
2020-06-23 02:13:15,707 - INFO - b'\x01'
2020-06-23 02:13:15,707 - INFO - Command TYPE: COM_QUIT
2020-06-23 02:13:15,707 - INFO - Session closed, on client disconnect
2020-06-23 02:14:22,160 - INFO - Starting MindsDB Mysql proxy server on tcp://127.0.0.1:47335
2020-06-23 02:14:22,160 - INFO - Waiting for incoming connections...
2020-06-23 02:14:23,180 - INFO - handle new incoming connection
2020-06-23 02:14:23,180 - INFO - New connection [127.0.0.1:39292]
2020-06-23 02:14:23,180 - INFO - send HandshakePacket
2020-06-23 02:14:23,181 - INFO - Sending packet: HandshakePacket
2020-06-23 02:14:23,181 - INFO - Get packet: HandshakeResponsePacket
2020-06-23 02:14:23,181 - INFO - Got packet
2020-06-23 02:14:23,181 - INFO - b'\r\xa2:\x80\x00\x00\x00\x01-\x00\x00\x00\x00\x00\x00\x00\x00\x00\x00\x00\x00\x00\x00\x00\x00\x00\x00\x00\x00\x00\x00\x00mindsdb\x00\x00mindsdb\x00mysql_native_password\x00v\x03_os\x10debian-linux-gnu\x0c_client_name\x08libmysql\x04_pid\x0516624\x0f_client_version\x0710.3.22\x0c_server_host\t127.0.0.1\t_platform\x06x86_64'
2020-06-23 02:14:23,181 - INFO - connected without SSL, default method
2020-06-23 02:14:23,181 - INFO - check auth, user=mindsdb
2020-06-23 02:14:23,181 - WARNING - check auth: password mismatch
2020-06-23 02:14:23,181 - INFO - Sending packet: OkPacket
2020-06-23 02:14:23,181 - INFO - Get packet: CommandPacket
2020-06-23 02:14:23,181 - INFO - Got packet
2020-06-23 02:14:23,181 - INFO - b'\x03ALTER TABLE `predictors_mariadb` DISABLE KEYS'
2020-06-23 02:14:23,182 - INFO - Command TYPE: COM_QUERY
2020-06-23 02:14:23,182 - INFO - COM_QUERY: ALTER TABLE `predictors_mariadb` DISABLE KEYS
2020-06-23 02:14:23,182 - ERROR - ERROR while executing query: ALTER TABLE `predictors_mariadb` DISABLE KEYS
Traceback (most recent call last):
  File "/home/george/mindsdb_server/mindsdb_server/api/mysql/mysql_proxy/mysql_proxy.py", line 790, in handle
    self.queryAnswer(sql)
  File "/home/george/mindsdb_server/mindsdb_server/api/mysql/mysql_proxy/mysql_proxy.py", line 378, in queryAnswer
    db = sql_lower.split('from ')[1].split(' ')[0].split['_'][-1]
IndexError: list index out of range

list index out of range
2020-06-23 02:14:23,182 - INFO - Sending packet: ErrPacket
2020-06-23 02:14:23,182 - INFO - Get packet: CommandPacket
2020-06-23 02:14:23,182 - INFO - Got packet
2020-06-23 02:14:23,182 - INFO - b'\x01'
2020-06-23 02:14:23,182 - INFO - Command TYPE: COM_QUIT
2020-06-23 02:14:23,182 - INFO - Session closed, on client disconnect
2020-06-23 02:15:34,496 - INFO - Starting MindsDB Mysql proxy server on tcp://127.0.0.1:47335
2020-06-23 02:15:34,496 - INFO - Waiting for incoming connections...
2020-06-23 02:15:36,953 - INFO - handle new incoming connection
2020-06-23 02:15:36,953 - INFO - New connection [127.0.0.1:39436]
2020-06-23 02:15:36,953 - INFO - send HandshakePacket
2020-06-23 02:15:36,953 - INFO - Sending packet: HandshakePacket
2020-06-23 02:15:36,953 - INFO - Get packet: HandshakeResponsePacket
2020-06-23 02:15:36,954 - INFO - Got packet
2020-06-23 02:15:36,954 - INFO - b'\r\xa2:\x80\x00\x00\x00\x01-\x00\x00\x00\x00\x00\x00\x00\x00\x00\x00\x00\x00\x00\x00\x00\x00\x00\x00\x00\x00\x00\x00\x00mindsdb\x00\x00mindsdb\x00mysql_native_password\x00v\x03_os\x10debian-linux-gnu\x0c_client_name\x08libmysql\x04_pid\x0516624\x0f_client_version\x0710.3.22\x0c_server_host\t127.0.0.1\t_platform\x06x86_64'
2020-06-23 02:15:36,954 - INFO - connected without SSL, default method
2020-06-23 02:15:36,954 - INFO - check auth, user=mindsdb
2020-06-23 02:15:36,954 - WARNING - check auth: password mismatch
2020-06-23 02:15:36,954 - INFO - Sending packet: OkPacket
2020-06-23 02:15:36,954 - INFO - Get packet: CommandPacket
2020-06-23 02:15:36,954 - INFO - Got packet
2020-06-23 02:15:36,954 - INFO - b'\x03ALTER TABLE `predictors_mariadb` DISABLE KEYS'
2020-06-23 02:15:36,954 - INFO - Command TYPE: COM_QUERY
2020-06-23 02:15:36,955 - INFO - COM_QUERY: ALTER TABLE `predictors_mariadb` DISABLE KEYS
2020-06-23 02:15:36,955 - ERROR - ERROR while executing query: ALTER TABLE `predictors_mariadb` DISABLE KEYS
Traceback (most recent call last):
  File "/home/george/mindsdb_server/mindsdb_server/api/mysql/mysql_proxy/mysql_proxy.py", line 790, in handle
    self.queryAnswer(sql)
  File "/home/george/mindsdb_server/mindsdb_server/api/mysql/mysql_proxy/mysql_proxy.py", line 378, in queryAnswer
    db = sql_lower.split('from ')[1].split(' ')[0].split['_'][-1]
IndexError: list index out of range

list index out of range
2020-06-23 02:15:36,955 - INFO - Sending packet: ErrPacket
2020-06-23 02:15:36,955 - INFO - Get packet: CommandPacket
2020-06-23 02:15:36,955 - INFO - Got packet
2020-06-23 02:15:36,955 - INFO - b'\x01'
2020-06-23 02:15:36,955 - INFO - Command TYPE: COM_QUIT
2020-06-23 02:15:36,955 - INFO - Session closed, on client disconnect
2020-06-24 17:22:11,883 - INFO - Starting MindsDB Mysql proxy server on tcp://127.0.0.1:47335
2020-06-24 17:22:11,883 - INFO - Waiting for incoming connections...
2020-06-24 17:33:52,127 - INFO - handle new incoming connection
2020-06-24 17:33:52,128 - INFO - New connection [127.0.0.1:39210]
2020-06-24 17:33:52,128 - INFO - send HandshakePacket
2020-06-24 17:33:52,129 - INFO - Sending packet: HandshakePacket
2020-06-24 17:33:52,129 - INFO - Get packet: HandshakeResponsePacket
2020-06-24 17:33:52,129 - INFO - Got packet
2020-06-24 17:33:52,130 - INFO - b'\r\xa2:\x80\x00\x00\x00\x01-\x00\x00\x00\x00\x00\x00\x00\x00\x00\x00\x00\x00\x00\x00\x00\x00\x00\x00\x00\x00\x00\x00\x00mindsdb\x00\x00mindsdb\x00mysql_native_password\x00u\x03_os\x10debian-linux-gnu\x0c_client_name\x08libmysql\x04_pid\x041392\x0f_client_version\x0710.3.22\x0c_server_host\t127.0.0.1\t_platform\x06x86_64'
2020-06-24 17:33:52,131 - INFO - connected without SSL, default method
2020-06-24 17:33:52,131 - INFO - check auth, user=mindsdb
2020-06-24 17:33:52,131 - WARNING - check auth: password mismatch
2020-06-24 17:33:52,131 - INFO - Sending packet: OkPacket
2020-06-24 17:33:52,132 - INFO - Get packet: CommandPacket
2020-06-24 17:33:52,132 - INFO - Got packet
2020-06-24 17:33:52,132 - INFO - b'\x03ALTER TABLE `predictors_mariadb` DISABLE KEYS'
2020-06-24 17:33:52,132 - INFO - Command TYPE: COM_QUERY
2020-06-24 17:33:52,132 - INFO - COM_QUERY: ALTER TABLE `predictors_mariadb` DISABLE KEYS
2020-06-24 17:33:52,132 - INFO - Sending packet: OkPacket
2020-06-24 17:33:52,132 - INFO - Get packet: CommandPacket
2020-06-24 17:33:52,133 - INFO - Got packet
2020-06-24 17:33:52,133 - INFO - b"\x03INSERT INTO `predictors_mariadb` (`name`, `predict_cols`, `select_data_query`) VALUES ('flight_time_predictor_demo_1','ArrDelay','SELECT * FROM data.ontime WHERE OriginAirportID=14107 AND DestAirportID=12892')"
2020-06-24 17:33:52,133 - INFO - Command TYPE: COM_QUERY
2020-06-24 17:33:52,133 - INFO - COM_QUERY: INSERT INTO `predictors_mariadb` (`name`, `predict_cols`, `select_data_query`) VALUES ('flight_time_predictor_demo_1','ArrDelay','SELECT * FROM data.ontime WHERE OriginAirportID=14107 AND DestAirportID=12892')
2020-06-24 17:33:52,138 - ERROR - ERROR while executing query: INSERT INTO `predictors_mariadb` (`name`, `predict_cols`, `select_data_query`) VALUES ('flight_time_predictor_demo_1','ArrDelay','SELECT * FROM data.ontime WHERE OriginAirportID=14107 AND DestAirportID=12892')
Traceback (most recent call last):
  File "/home/george/.local/lib/python3.7/site-packages/mysql/connector/connection_cext.py", line 489, in cmd_query
    raw_as_string=raw_as_string)
_mysql_connector.MySQLInterfaceError: Table 'data.ontime' doesn't exist

During handling of the above exception, another exception occurred:

Traceback (most recent call last):
  File "/home/george/.local/lib/python3.7/site-packages/pandas/io/sql.py", line 1586, in execute
    cur.execute(*args, **kwargs)
  File "/home/george/.local/lib/python3.7/site-packages/mysql/connector/cursor_cext.py", line 266, in execute
    raw_as_string=self._raw_as_string)
  File "/home/george/.local/lib/python3.7/site-packages/mysql/connector/connection_cext.py", line 492, in cmd_query
    sqlstate=exc.sqlstate)
mysql.connector.errors.ProgrammingError: 1146 (42S02): Table 'data.ontime' doesn't exist

The above exception was the direct cause of the following exception:

Traceback (most recent call last):
  File "/home/george/mindsdb_server/mindsdb_server/api/mysql/mysql_proxy/mysql_proxy.py", line 805, in handle
    self.queryAnswer(sql)
  File "/home/george/mindsdb_server/mindsdb_server/api/mysql/mysql_proxy/mysql_proxy.py", line 437, in queryAnswer
    self.insert_predictor_answer(sql)
  File "/home/george/mindsdb_server/mindsdb_server/api/mysql/mysql_proxy/mysql_proxy.py", line 309, in insert_predictor_answer
    ds = default_store.save_datasource(insert['name'], ds_type, insert['select_data_query'])
  File "/home/george/mindsdb_server/mindsdb_server/interfaces/datastore/datastore.py", line 101, in save_datasource
    ds = MariaDS(source, user=user, password=password, host=host, port=port)
  File "/home/george/mindsdb/mindsdb/libs/data_types/data_source.py", line 10, in __init__
    df, col_map = self._setup(*args, **kwargs)
  File "/home/george/mindsdb/mindsdb/libs/data_sources/maria_ds.py", line 20, in _setup
    df = pd.read_sql(query, con=con)
  File "/home/george/.local/lib/python3.7/site-packages/pandas/io/sql.py", line 412, in read_sql
    chunksize=chunksize,
  File "/home/george/.local/lib/python3.7/site-packages/pandas/io/sql.py", line 1633, in read_query
    cursor = self.execute(*args)
  File "/home/george/.local/lib/python3.7/site-packages/pandas/io/sql.py", line 1598, in execute
    raise ex from exc
pandas.io.sql.DatabaseError: Execution failed on sql 'SELECT * FROM data.ontime WHERE OriginAirportID=14107 AND DestAirportID=12892': 1146 (42S02): Table 'data.ontime' doesn't exist

Execution failed on sql 'SELECT * FROM data.ontime WHERE OriginAirportID=14107 AND DestAirportID=12892': 1146 (42S02): Table 'data.ontime' doesn't exist
2020-06-24 17:33:52,138 - INFO - Sending packet: ErrPacket
2020-06-24 17:33:52,138 - INFO - Get packet: CommandPacket
2020-06-24 17:33:52,138 - INFO - Got packet
2020-06-24 17:33:52,138 - INFO - b'\x03ALTER TABLE `predictors_mariadb` ENABLE KEYS'
2020-06-24 17:33:52,138 - INFO - Command TYPE: COM_QUERY
2020-06-24 17:33:52,138 - INFO - COM_QUERY: ALTER TABLE `predictors_mariadb` ENABLE KEYS
2020-06-24 17:33:52,138 - INFO - Sending packet: OkPacket
2020-06-24 17:33:52,139 - INFO - Get packet: CommandPacket
2020-06-24 17:33:52,139 - INFO - Got packet
2020-06-24 17:33:52,139 - INFO - b'\x01'
2020-06-24 17:33:52,139 - INFO - Command TYPE: COM_QUIT
2020-06-24 17:33:52,139 - INFO - Session closed, on client disconnect
2020-06-24 17:35:55,682 - INFO - Starting MindsDB Mysql proxy server on tcp://127.0.0.1:47335
2020-06-24 17:36:53,120 - INFO - Starting MindsDB Mysql proxy server on tcp://127.0.0.1:47335
2020-06-24 17:36:53,120 - INFO - Waiting for incoming connections...
2020-06-24 17:37:29,988 - INFO - Starting MindsDB Mysql proxy server on tcp://127.0.0.1:47335
2020-06-24 17:37:29,989 - INFO - Waiting for incoming connections...
2020-06-24 17:37:49,189 - INFO - Starting MindsDB Mysql proxy server on tcp://127.0.0.1:47335
2020-06-24 17:37:49,190 - INFO - Waiting for incoming connections...
2020-06-24 17:42:47,882 - INFO - Starting MindsDB Mysql proxy server on tcp://127.0.0.1:47335
2020-06-24 17:42:47,883 - INFO - Waiting for incoming connections...
2020-06-24 17:44:20,540 - INFO - handle new incoming connection
2020-06-24 17:44:20,541 - INFO - New connection [127.0.0.1:39928]
2020-06-24 17:44:20,541 - INFO - send HandshakePacket
2020-06-24 17:44:20,542 - INFO - Sending packet: HandshakePacket
2020-06-24 17:44:20,542 - INFO - Get packet: HandshakeResponsePacket
2020-06-24 17:44:20,542 - INFO - Got packet
2020-06-24 17:44:20,543 - INFO - b'\r\xa2:\x80\x00\x00\x00\x01-\x00\x00\x00\x00\x00\x00\x00\x00\x00\x00\x00\x00\x00\x00\x00\x00\x00\x00\x00\x00\x00\x00\x00mindsdb\x00\x00mindsdb\x00mysql_native_password\x00u\x03_os\x10debian-linux-gnu\x0c_client_name\x08libmysql\x04_pid\x041392\x0f_client_version\x0710.3.22\x0c_server_host\t127.0.0.1\t_platform\x06x86_64'
2020-06-24 17:44:20,543 - INFO - connected without SSL, default method
2020-06-24 17:44:20,544 - INFO - check auth, user=mindsdb
2020-06-24 17:44:20,544 - WARNING - check auth: password mismatch
2020-06-24 17:44:20,544 - INFO - Sending packet: OkPacket
2020-06-24 17:44:20,545 - INFO - Get packet: CommandPacket
2020-06-24 17:44:20,545 - INFO - Got packet
2020-06-24 17:44:20,545 - INFO - b'\x03ALTER TABLE `predictors_mariadb` DISABLE KEYS'
2020-06-24 17:44:20,545 - INFO - Command TYPE: COM_QUERY
2020-06-24 17:44:20,546 - INFO - COM_QUERY: ALTER TABLE `predictors_mariadb` DISABLE KEYS
2020-06-24 17:44:20,546 - INFO - Sending packet: OkPacket
2020-06-24 17:44:20,546 - INFO - Get packet: CommandPacket
2020-06-24 17:44:20,546 - INFO - Got packet
2020-06-24 17:44:20,546 - INFO - b"\x03INSERT INTO `predictors_mariadb` (`name`, `predict_cols`, `select_data_query`) VALUES ('hrp_from_maria','number_of_bathrooms','SELECT * FROM test.home_rentals')"
2020-06-24 17:44:20,546 - INFO - Command TYPE: COM_QUERY
2020-06-24 17:44:20,546 - INFO - COM_QUERY: INSERT INTO `predictors_mariadb` (`name`, `predict_cols`, `select_data_query`) VALUES ('hrp_from_maria','number_of_bathrooms','SELECT * FROM test.home_rentals')
2020-06-24 17:44:21,035 - INFO - Sending packet: OkPacket
2020-06-24 17:44:21,035 - INFO - Get packet: CommandPacket
2020-06-24 17:44:21,035 - INFO - Got packet
2020-06-24 17:44:21,036 - INFO - b'\x03ALTER TABLE `predictors_mariadb` ENABLE KEYS'
2020-06-24 17:44:21,036 - INFO - Command TYPE: COM_QUERY
2020-06-24 17:44:21,036 - INFO - COM_QUERY: ALTER TABLE `predictors_mariadb` ENABLE KEYS
2020-06-24 17:44:21,036 - INFO - Sending packet: OkPacket
2020-06-24 17:44:21,036 - INFO - Get packet: CommandPacket
2020-06-24 17:44:21,036 - INFO - Got packet
2020-06-24 17:44:21,036 - INFO - b'\x01'
2020-06-24 17:44:21,036 - INFO - Command TYPE: COM_QUIT
2020-06-24 17:44:21,036 - INFO - Session closed, on client disconnect
2020-06-24 17:44:24,876 - INFO - Starting MindsDB Mysql proxy server on tcp://127.0.0.1:47335
2020-06-24 17:49:59,666 - INFO - handle new incoming connection
2020-06-24 17:49:59,666 - INFO - New connection [127.0.0.1:40040]
2020-06-24 17:49:59,666 - INFO - send HandshakePacket
2020-06-24 17:49:59,666 - INFO - Sending packet: HandshakePacket
2020-06-24 17:49:59,667 - INFO - Get packet: HandshakeResponsePacket
2020-06-24 17:49:59,667 - INFO - Got packet
2020-06-24 17:49:59,667 - INFO - b'\r\xa2:\x80\x00\x00\x00\x01-\x00\x00\x00\x00\x00\x00\x00\x00\x00\x00\x00\x00\x00\x00\x00\x00\x00\x00\x00\x00\x00\x00\x00mindsdb\x00\x00mindsdb\x00mysql_native_password\x00u\x03_os\x10debian-linux-gnu\x0c_client_name\x08libmysql\x04_pid\x041392\x0f_client_version\x0710.3.22\x0c_server_host\t127.0.0.1\t_platform\x06x86_64'
2020-06-24 17:49:59,667 - INFO - connected without SSL, default method
2020-06-24 17:49:59,667 - INFO - check auth, user=mindsdb
2020-06-24 17:49:59,667 - WARNING - check auth: password mismatch
2020-06-24 17:49:59,667 - INFO - Sending packet: OkPacket
2020-06-24 17:49:59,668 - INFO - Get packet: CommandPacket
2020-06-24 17:49:59,668 - INFO - Got packet
2020-06-24 17:49:59,668 - INFO - b'\x03ALTER TABLE `predictors_mariadb` DISABLE KEYS'
2020-06-24 17:49:59,668 - INFO - Command TYPE: COM_QUERY
2020-06-24 17:49:59,668 - INFO - COM_QUERY: ALTER TABLE `predictors_mariadb` DISABLE KEYS
2020-06-24 17:49:59,668 - INFO - Sending packet: OkPacket
2020-06-24 17:49:59,670 - INFO - Get packet: CommandPacket
2020-06-24 17:49:59,670 - INFO - Got packet
2020-06-24 17:49:59,670 - INFO - b"\x03INSERT INTO `predictors_mariadb` (`name`, `predict_cols`, `select_data_query`) VALUES ('rental_price_from_mariadb','rental_price','SELECT * FROM test.home_rentals')"
2020-06-24 17:49:59,670 - INFO - Command TYPE: COM_QUERY
2020-06-24 17:49:59,670 - INFO - COM_QUERY: INSERT INTO `predictors_mariadb` (`name`, `predict_cols`, `select_data_query`) VALUES ('rental_price_from_mariadb','rental_price','SELECT * FROM test.home_rentals')
2020-06-24 17:50:00,063 - INFO - Sending packet: OkPacket
2020-06-24 17:50:00,063 - INFO - Get packet: CommandPacket
2020-06-24 17:50:00,063 - INFO - Got packet
2020-06-24 17:50:00,063 - INFO - b'\x03ALTER TABLE `predictors_mariadb` ENABLE KEYS'
2020-06-24 17:50:00,063 - INFO - Command TYPE: COM_QUERY
2020-06-24 17:50:00,063 - INFO - COM_QUERY: ALTER TABLE `predictors_mariadb` ENABLE KEYS
2020-06-24 17:50:00,064 - INFO - Sending packet: OkPacket
2020-06-24 17:50:00,064 - INFO - Get packet: CommandPacket
2020-06-24 17:50:00,064 - INFO - Got packet
2020-06-24 17:50:00,064 - INFO - b'\x01'
2020-06-24 17:50:00,064 - INFO - Command TYPE: COM_QUIT
2020-06-24 17:50:00,064 - INFO - Session closed, on client disconnect
2020-06-24 17:50:04,318 - INFO - Starting MindsDB Mysql proxy server on tcp://127.0.0.1:47335
2020-06-24 19:34:27,950 - INFO - handle new incoming connection
2020-06-24 19:34:27,951 - INFO - New connection [127.0.0.1:48186]
2020-06-24 19:34:27,952 - INFO - send HandshakePacket
2020-06-24 19:34:27,952 - INFO - Sending packet: HandshakePacket
2020-06-24 19:34:27,953 - INFO - Get packet: HandshakeResponsePacket
2020-06-24 19:34:27,953 - INFO - Got packet
2020-06-24 19:34:27,953 - INFO - b'\r\xa2:\x80\x00\x00\x00\x01-\x00\x00\x00\x00\x00\x00\x00\x00\x00\x00\x00\x00\x00\x00\x00\x00\x00\x00\x00\x00\x00\x00\x00mindsdb\x00\x00mindsdb\x00mysql_native_password\x00u\x03_os\x10debian-linux-gnu\x0c_client_name\x08libmysql\x04_pid\x041392\x0f_client_version\x0710.3.22\x0c_server_host\t127.0.0.1\t_platform\x06x86_64'
2020-06-24 19:34:27,954 - INFO - connected without SSL, default method
2020-06-24 19:34:27,954 - INFO - check auth, user=mindsdb
2020-06-24 19:34:27,954 - WARNING - check auth: password mismatch
2020-06-24 19:34:27,955 - INFO - Sending packet: OkPacket
2020-06-24 19:34:27,955 - INFO - Get packet: CommandPacket
2020-06-24 19:34:27,955 - INFO - Got packet
2020-06-24 19:34:27,955 - INFO - b'\x03ALTER TABLE `predictors_mariadb` DISABLE KEYS'
2020-06-24 19:34:27,956 - INFO - Command TYPE: COM_QUERY
2020-06-24 19:34:27,956 - INFO - COM_QUERY: ALTER TABLE `predictors_mariadb` DISABLE KEYS
2020-06-24 19:34:27,956 - INFO - Sending packet: OkPacket
2020-06-24 19:34:27,957 - INFO - Get packet: CommandPacket
2020-06-24 19:34:27,957 - INFO - Got packet
2020-06-24 19:34:27,957 - INFO - b"\x03INSERT INTO `predictors_mariadb` (`name`, `predict_cols`, `select_data_query`) VALUES ('rental_price_from_mariadb','rental_price','SELECT * FROM test.home_rentals')"
2020-06-24 19:34:27,957 - INFO - Command TYPE: COM_QUERY
2020-06-24 19:34:27,958 - INFO - COM_QUERY: INSERT INTO `predictors_mariadb` (`name`, `predict_cols`, `select_data_query`) VALUES ('rental_price_from_mariadb','rental_price','SELECT * FROM test.home_rentals')
2020-06-24 19:34:27,961 - INFO - Sending packet: ErrPacket
2020-06-24 19:34:27,961 - INFO - Get packet: CommandPacket
2020-06-24 19:34:27,962 - INFO - Got packet
2020-06-24 19:34:27,962 - INFO - b'\x03ALTER TABLE `predictors_mariadb` ENABLE KEYS'
2020-06-24 19:34:27,962 - INFO - Command TYPE: COM_QUERY
2020-06-24 19:34:27,963 - INFO - COM_QUERY: ALTER TABLE `predictors_mariadb` ENABLE KEYS
2020-06-24 19:34:27,963 - INFO - Sending packet: OkPacket
2020-06-24 19:34:27,963 - INFO - Get packet: CommandPacket
2020-06-24 19:34:27,963 - INFO - Got packet
2020-06-24 19:34:27,964 - INFO - b'\x01'
2020-06-24 19:34:27,964 - INFO - Command TYPE: COM_QUIT
2020-06-24 19:34:27,964 - INFO - Session closed, on client disconnect
2020-06-24 19:34:38,543 - INFO - Starting MindsDB Mysql proxy server on tcp://127.0.0.1:47335
2020-06-24 19:34:38,543 - INFO - Waiting for incoming connections...
2020-06-24 19:34:49,263 - INFO - handle new incoming connection
2020-06-24 19:34:49,264 - INFO - New connection [127.0.0.1:48434]
2020-06-24 19:34:49,264 - INFO - send HandshakePacket
2020-06-24 19:34:49,265 - INFO - Sending packet: HandshakePacket
2020-06-24 19:34:49,266 - INFO - Get packet: HandshakeResponsePacket
2020-06-24 19:34:49,266 - INFO - Got packet
2020-06-24 19:34:49,266 - INFO - b'\r\xa2:\x80\x00\x00\x00\x01-\x00\x00\x00\x00\x00\x00\x00\x00\x00\x00\x00\x00\x00\x00\x00\x00\x00\x00\x00\x00\x00\x00\x00mindsdb\x00\x00mindsdb\x00mysql_native_password\x00u\x03_os\x10debian-linux-gnu\x0c_client_name\x08libmysql\x04_pid\x041392\x0f_client_version\x0710.3.22\x0c_server_host\t127.0.0.1\t_platform\x06x86_64'
2020-06-24 19:34:49,267 - INFO - connected without SSL, default method
2020-06-24 19:34:49,267 - INFO - check auth, user=mindsdb
2020-06-24 19:34:49,268 - WARNING - check auth: password mismatch
2020-06-24 19:34:49,268 - INFO - Sending packet: OkPacket
2020-06-24 19:34:49,268 - INFO - Get packet: CommandPacket
2020-06-24 19:34:49,269 - INFO - Got packet
2020-06-24 19:34:49,269 - INFO - b'\x03ALTER TABLE `predictors_mariadb` DISABLE KEYS'
2020-06-24 19:34:49,269 - INFO - Command TYPE: COM_QUERY
2020-06-24 19:34:49,269 - INFO - COM_QUERY: ALTER TABLE `predictors_mariadb` DISABLE KEYS
2020-06-24 19:34:49,269 - INFO - Sending packet: OkPacket
2020-06-24 19:34:49,269 - INFO - Get packet: CommandPacket
2020-06-24 19:34:49,270 - INFO - Got packet
2020-06-24 19:34:49,270 - INFO - b"\x03INSERT INTO `predictors_mariadb` (`name`, `predict_cols`, `select_data_query`) VALUES ('rental_price2_from_mariadb','rental_price','SELECT * FROM test.home_rentals')"
2020-06-24 19:34:49,270 - INFO - Command TYPE: COM_QUERY
2020-06-24 19:34:49,270 - INFO - COM_QUERY: INSERT INTO `predictors_mariadb` (`name`, `predict_cols`, `select_data_query`) VALUES ('rental_price2_from_mariadb','rental_price','SELECT * FROM test.home_rentals')
2020-06-24 19:34:49,696 - INFO - Sending packet: OkPacket
2020-06-24 19:34:49,696 - INFO - Get packet: CommandPacket
2020-06-24 19:34:49,696 - INFO - Got packet
2020-06-24 19:34:49,696 - INFO - b'\x03ALTER TABLE `predictors_mariadb` ENABLE KEYS'
2020-06-24 19:34:49,697 - INFO - Command TYPE: COM_QUERY
2020-06-24 19:34:49,697 - INFO - COM_QUERY: ALTER TABLE `predictors_mariadb` ENABLE KEYS
2020-06-24 19:34:49,697 - INFO - Sending packet: OkPacket
2020-06-24 19:34:49,697 - INFO - Get packet: CommandPacket
2020-06-24 19:34:49,697 - INFO - Got packet
2020-06-24 19:34:49,697 - INFO - b'\x01'
2020-06-24 19:34:49,697 - INFO - Command TYPE: COM_QUIT
2020-06-24 19:34:49,697 - INFO - Session closed, on client disconnect
2020-06-24 19:34:53,493 - INFO - Starting MindsDB Mysql proxy server on tcp://127.0.0.1:47335
2020-06-24 20:46:48,375 - INFO - handle new incoming connection
2020-06-24 20:46:48,375 - INFO - New connection [127.0.0.1:52722]
2020-06-24 20:46:48,376 - INFO - send HandshakePacket
2020-06-24 20:46:48,376 - INFO - Sending packet: HandshakePacket
2020-06-24 20:46:48,377 - INFO - Get packet: HandshakeResponsePacket
2020-06-24 20:46:48,377 - INFO - Got packet
2020-06-24 20:46:48,377 - INFO - b'\r\xa2:\x80\x00\x00\x00\x01-\x00\x00\x00\x00\x00\x00\x00\x00\x00\x00\x00\x00\x00\x00\x00\x00\x00\x00\x00\x00\x00\x00\x00mindsdb\x00\x00mindsdb\x00mysql_native_password\x00u\x03_os\x10debian-linux-gnu\x0c_client_name\x08libmysql\x04_pid\x041392\x0f_client_version\x0710.3.22\x0c_server_host\t127.0.0.1\t_platform\x06x86_64'
2020-06-24 20:46:48,378 - INFO - connected without SSL, default method
2020-06-24 20:46:48,378 - INFO - check auth, user=mindsdb
2020-06-24 20:46:48,379 - WARNING - check auth: password mismatch
2020-06-24 20:46:48,379 - INFO - Sending packet: OkPacket
2020-06-24 20:46:48,379 - INFO - Get packet: CommandPacket
2020-06-24 20:46:48,379 - INFO - Got packet
2020-06-24 20:46:48,380 - INFO - b'\x03SELECT `initial_price`, `rental_price` FROM `rental_price2_from_mariadb_mariadb` WHERE initial_price= 2000'
2020-06-24 20:46:48,380 - INFO - Command TYPE: COM_QUERY
2020-06-24 20:46:48,380 - INFO - COM_QUERY: SELECT `initial_price`, `rental_price` FROM `rental_price2_from_mariadb_mariadb` WHERE initial_price= 2000
2020-06-24 20:46:49,209 - INFO - Accumulating packet: ColumnCountPacket
2020-06-24 20:46:49,209 - INFO - Accumulating packet: ColumnDefenitionPacket
2020-06-24 20:46:49,209 - INFO - Accumulating packet: ColumnDefenitionPacket
2020-06-24 20:46:49,209 - INFO - Accumulating packet: EofPacket
2020-06-24 20:46:49,209 - INFO - Accumulating packet: ResultsetRowPacket
2020-06-24 20:46:49,209 - INFO - Accumulating packet: OkPacket
2020-06-24 20:46:49,210 - INFO - Get packet: CommandPacket
2020-06-24 20:46:49,210 - INFO - Got packet
2020-06-24 20:46:49,210 - INFO - b'\x01'
2020-06-24 20:46:49,210 - INFO - Command TYPE: COM_QUIT
2020-06-24 20:46:49,210 - INFO - Session closed, on client disconnect
